<?xml version="1.0" encoding="UTF-8"?>
<!-- Generated by org.testng.reporters.JUnitReportReporter -->
<testsuite hostname="DESKTOP-0E1LRBH" failures="0" tests="2" name="mayuriraoraneacademy.Tests.SubmitOrderTest" time="54.262" errors="0" timestamp="2024-02-02T11:31:45 IST" skipped="0">
  <testcase classname="mayuriraoraneacademy.Tests.SubmitOrderTest" name="submitOrder" time="26.432"/>
  <system-out/>
  <testcase classname="mayuriraoraneacademy.Tests.SubmitOrderTest" name="submitOrder" time="27.830"/>
  <system-out/>
</testsuite> <!-- mayuriraoraneacademy.Tests.SubmitOrderTest -->
