<?xml version="1.0" encoding="UTF-8"?>
<!-- Generated by org.testng.reporters.JUnitReportReporter -->
<testsuite hostname="DESKTOP-0E1LRBH" failures="0" tests="1" name="mayuriraoraneacademy.Tests.errorValidatons" time="10.396" errors="0" timestamp="17 Jan 2024 06:56:30 GMT" skipped="0">
  <testcase classname="mayuriraoraneacademy.Tests.errorValidatons" name="submitOrder" time="10.396"/>
</testsuite> <!-- mayuriraoraneacademy.Tests.errorValidatons -->
